

Terminals which are not used:

   BOOLEAN
   FALSE
   FOR
   IMPORT
   MY_NULL
   THIS
   TRUE
   PART_LETTER
   TYPE_CHAR
   STRING
   TILDE
   BIT_AND
   BIT_OR
   XOR
   REM



Grammar
rule 1    outerStatements ->		/* empty */
rule 2    outerStatements -> outerStatement outerStatements
rule 3    outerStatement -> varDeclareStatement SEMICOLON
rule 4    outerStatement -> varDefineStatement SEMICOLON
rule 5    outerStatement -> arrayDeclareStatement SEMICOLON
rule 6    outerStatement -> arrayDefineStatement SEMICOLON
rule 7    outerStatement -> classDefineStatement
rule 8    outerStatement -> functionDeclareStatement SEMICOLON
rule 9    outerStatement -> functionDefineStatement
rule 10   outerStatement -> classMethodDefineStatement
rule 11   outerStatement -> returnStatement SEMICOLON
rule 12   outerStatement -> SEMICOLON
rule 13   functionStatements ->		/* empty */
rule 14   functionStatements -> functionStatement functionStatements
rule 15   functionStatement -> varDeclareStatement SEMICOLON
rule 16   functionStatement -> varDefineStatement SEMICOLON
rule 17   functionStatement -> varAssignStatement SEMICOLON
rule 18   functionStatement -> arrayDeclareStatement SEMICOLON
rule 19   functionStatement -> arrayDefineStatement SEMICOLON
rule 20   functionStatement -> arrayAssignStatement SEMICOLON
rule 21   functionStatement -> ifStatement
rule 22   functionStatement -> whileStatement
rule 23   functionStatement -> foreachStatement
rule 24   functionStatement -> breakStatement SEMICOLON
rule 25   functionStatement -> continueStatement SEMICOLON
rule 26   functionStatement -> returnStatement SEMICOLON
rule 27   functionStatement -> SEMICOLON
rule 28   classStatements ->		/* empty */
rule 29   classStatements -> classStatement classStatements
rule 30   classStatement -> varDeclareStatement SEMICOLON
rule 31   classStatement -> arrayDeclareStatement SEMICOLON
rule 32   classStatement -> functionDeclareStatement SEMICOLON
rule 33   classStatement -> SEMICOLON
rule 34   varDeclareStatement -> type IDENTIFIER
rule 35   varDefineStatement -> type IDENTIFIER ASSIGN expression
rule 36   varAssignStatement -> leftValue ASSIGN expression
rule 37   varAssignStatement -> leftValue LBRACKET expression RBRACKET ASSIGN expression
rule 38   varAssignStatement -> expression
rule 39   arrayDeclareStatement -> arrayType IDENTIFIER
rule 40   arrayDefineStatement -> arrayType IDENTIFIER ASSIGN type LBRACKET expression RBRACKET
rule 41   arrayAssignStatement -> leftValue ASSIGN type LBRACKET expression RBRACKET
rule 42   ifStatement -> IF LPAREN expression RPAREN LBRACE functionStatements RBRACE elifParts elsePart
rule 43   elifParts ->		/* empty */
rule 44   elifParts -> elifPart elifParts
rule 45   elifPart -> ELIF LPAREN expression RPAREN LBRACE functionStatements RBRACE
rule 46   elsePart ->		/* empty */
rule 47   elsePart -> ELSE LBRACE functionStatements RBRACE
rule 48   whileStatement -> WHILE LPAREN expression RPAREN LBRACE functionStatements RBRACE
rule 49   foreachStatement -> FOREACH LPAREN IDENTIFIER IN leftValue RPAREN LBRACE functionStatements RBRACE
rule 50   classDefineStatement -> CLASS CLASS_IDENTIFIER LBRACE classStatements RBRACE
rule 51   classDefineStatement -> CLASS CLASS_IDENTIFIER EXTENDS CLASS_IDENTIFIER LBRACE classStatements RBRACE
rule 52   functionDeclareStatement -> type IDENTIFIER LPAREN formParams RPAREN
rule 53   functionDeclareStatement -> arrayType IDENTIFIER LPAREN formParams RPAREN
rule 54   functionDeclareStatement -> VOID IDENTIFIER LPAREN formParams RPAREN
rule 55   functionDefineStatement -> type IDENTIFIER LPAREN formParams RPAREN LBRACE functionStatements RBRACE
rule 56   functionDefineStatement -> arrayType IDENTIFIER LPAREN formParams RPAREN LBRACE functionStatements RBRACE
rule 57   functionDefineStatement -> VOID IDENTIFIER LPAREN formParams RPAREN LBRACE functionStatements RBRACE
rule 58   classMethodDefineStatement -> type CLASS_IDENTIFIER NAME_SPACE IDENTIFIER LPAREN formParams RPAREN LBRACE functionStatements RBRACE
rule 59   classMethodDefineStatement -> arrayType CLASS_IDENTIFIER NAME_SPACE IDENTIFIER LPAREN formParams RPAREN LBRACE functionStatements RBRACE
rule 60   classMethodDefineStatement -> VOID CLASS_IDENTIFIER NAME_SPACE IDENTIFIER LPAREN formParams RPAREN LBRACE functionStatements RBRACE
rule 61   breakStatement -> BREAK
rule 62   continueStatement -> CONTINUE
rule 63   returnStatement -> RETURN expression
rule 64   returnStatement -> RETURN
rule 65   formParams ->		/* empty */
rule 66   formParams -> formParam formParamSet
rule 67   formParamSet ->		/* empty */
rule 68   formParamSet -> COMMA formParam formParamSet
rule 69   formParam -> type IDENTIFIER
rule 70   formParam -> arrayType IDENTIFIER
rule 71   expression -> compareExpression SC_AND expression
rule 72   expression -> compareExpression SC_OR expression
rule 73   expression -> BANG expression
rule 74   expression -> compareExpression
rule 75   compareExpression -> mathExpression EQ mathExpression
rule 76   compareExpression -> mathExpression NE mathExpression
rule 77   compareExpression -> mathExpression GT mathExpression
rule 78   compareExpression -> mathExpression GE mathExpression
rule 79   compareExpression -> mathExpression LT mathExpression
rule 80   compareExpression -> mathExpression LE mathExpression
rule 81   compareExpression -> mathExpression
rule 82   mathExpression -> term PLUS mathExpression
rule 83   mathExpression -> term MINUS mathExpression
rule 84   mathExpression -> term
rule 85   term -> factor STAR term
rule 86   term -> factor SLASH term
rule 87   term -> factor
rule 88   factor -> DECIMAL_LITERAL
rule 89   factor -> DECIMAL_FLOATING_POINT_LITERAL
rule 90   factor -> CHAR_LITERAL
rule 91   factor -> STRING_LITERAL
rule 92   factor -> leftValue
rule 93   factor -> leftValue LBRACKET expression RBRACKET
rule 94   factor -> leftValue LPAREN factParams RPAREN
rule 95   factor -> LPAREN expression RPAREN
rule 96   leftValue -> IDENTIFIER leftValueSet
rule 97   leftValueSet ->		/* empty */
rule 98   leftValueSet -> DOT IDENTIFIER leftValueSet
rule 99   factParams ->		/* empty */
rule 100  factParams -> factParam factParamSet
rule 101  factParamSet ->		/* empty */
rule 102  factParamSet -> COMMA factParam factParamSet
rule 103  factParam -> expression
rule 104  arrayType -> type LBRACKET RBRACKET
rule 105  type -> INT
rule 106  type -> DOUBLE
rule 107  type -> CHAR
rule 108  type -> CLASS_IDENTIFIER

Terminals, with rules where they appear

$ (-1)
error (256)
BOOLEAN (257)
BREAK (258) 61
CHAR (259) 107
CLASS (260) 50 51
CONTINUE (261) 62
DOUBLE (262) 106
ELIF (263) 45
ELSE (264) 47
EXTENDS (265) 51
FALSE (266)
FOR (267)
FOREACH (268) 49
IF (269) 42
IMPORT (270)
IN (271) 49
INT (272) 105
MY_NULL (273)
RETURN (274) 63 64
THIS (275)
TRUE (276)
VOID (277) 54 57 60
WHILE (278) 48
PART_LETTER (279)
DECIMAL_LITERAL (280) 88
DECIMAL_FLOATING_POINT_LITERAL (281) 89
TYPE_CHAR (282)
STRING (283)
LPAREN (284) 42 45 48 49 52 53 54 55 56 57 58 59 60 94 95
RPAREN (285) 42 45 48 49 52 53 54 55 56 57 58 59 60 94 95
LBRACE (286) 42 45 47 48 49 50 51 55 56 57 58 59 60
RBRACE (287) 42 45 47 48 49 50 51 55 56 57 58 59 60
LBRACKET (288) 37 40 41 93 104
RBRACKET (289) 37 40 41 93 104
SEMICOLON (290) 3 4 5 6 8 11 12 15 16 17 18 19 20 24 25 26 27 30 31
    32 33
COMMA (291) 68 102
DOT (292) 98
ASSIGN (293) 35 36 37 40 41
LT (294) 79
GT (295) 77
BANG (296) 73
TILDE (297)
EQ (298) 75
LE (299) 80
GE (300) 78
NE (301) 76
SC_OR (302) 72
SC_AND (303) 71
PLUS (304) 82
MINUS (305) 83
STAR (306) 85
SLASH (307) 86
BIT_AND (308)
BIT_OR (309)
XOR (310)
REM (311)
NAME_SPACE (312) 58 59 60
CLASS_IDENTIFIER (313) 50 51 58 59 60 108
STRING_LITERAL (314) 91
IDENTIFIER (315) 34 35 39 40 49 52 53 54 55 56 57 58 59 60 69 70 96
    98
CHAR_LITERAL (316) 90

Nonterminals, with rules where they appear

outerStatements (63)
    on left: 1 2, on right: 2
outerStatement (64)
    on left: 3 4 5 6 7 8 9 10 11 12, on right: 2
functionStatements (65)
    on left: 13 14, on right: 14 42 45 47 48 49 55 56 57 58 59 60
functionStatement (66)
    on left: 15 16 17 18 19 20 21 22 23 24 25 26 27,
    on right: 14
classStatements (67)
    on left: 28 29, on right: 29 50 51
classStatement (68)
    on left: 30 31 32 33, on right: 29
varDeclareStatement (69)
    on left: 34, on right: 3 15 30
varDefineStatement (70)
    on left: 35, on right: 4 16
varAssignStatement (71)
    on left: 36 37 38, on right: 17
arrayDeclareStatement (72)
    on left: 39, on right: 5 18 31
arrayDefineStatement (73)
    on left: 40, on right: 6 19
arrayAssignStatement (74)
    on left: 41, on right: 20
ifStatement (75)
    on left: 42, on right: 21
elifParts (76)
    on left: 43 44, on right: 42 44
elifPart (77)
    on left: 45, on right: 44
elsePart (78)
    on left: 46 47, on right: 42
whileStatement (79)
    on left: 48, on right: 22
foreachStatement (80)
    on left: 49, on right: 23
classDefineStatement (81)
    on left: 50 51, on right: 7
functionDeclareStatement (82)
    on left: 52 53 54, on right: 8 32
functionDefineStatement (83)
    on left: 55 56 57, on right: 9
classMethodDefineStatement (84)
    on left: 58 59 60, on right: 10
breakStatement (85)
    on left: 61, on right: 24
continueStatement (86)
    on left: 62, on right: 25
returnStatement (87)
    on left: 63 64, on right: 11 26
formParams (88)
    on left: 65 66, on right: 52 53 54 55 56 57 58 59 60
formParamSet (89)
    on left: 67 68, on right: 66 68
formParam (90)
    on left: 69 70, on right: 66 68
expression (91)
    on left: 71 72 73 74, on right: 35 36 37 38 40 41 42 45 48 63 71
    72 73 93 95 103
compareExpression (92)
    on left: 75 76 77 78 79 80 81, on right: 71 72 74
mathExpression (93)
    on left: 82 83 84, on right: 75 76 77 78 79 80 81 82 83
term (94)
    on left: 85 86 87, on right: 82 83 84 85 86
factor (95)
    on left: 88 89 90 91 92 93 94 95, on right: 85 86 87
leftValue (96)
    on left: 96, on right: 36 37 41 49 92 93 94
leftValueSet (97)
    on left: 97 98, on right: 96 98
factParams (98)
    on left: 99 100, on right: 94
factParamSet (99)
    on left: 101 102, on right: 100 102
factParam (100)
    on left: 103, on right: 100 102
arrayType (101)
    on left: 104, on right: 39 40 53 56 59 70
type (102)
    on left: 105 106 107 108, on right: 34 35 40 41 52 55 58 69 104


state 0

    CHAR	shift, and go to state 1
    CLASS	shift, and go to state 2
    DOUBLE	shift, and go to state 3
    INT 	shift, and go to state 4
    RETURN	shift, and go to state 5
    VOID	shift, and go to state 6
    SEMICOLON	shift, and go to state 7
    CLASS_IDENTIFIER	shift, and go to state 8

    $default	reduce using rule 1 (outerStatements)

    outerStatements	go to state 264
    outerStatement	go to state 9
    varDeclareStatement	go to state 10
    varDefineStatement	go to state 11
    arrayDeclareStatement	go to state 12
    arrayDefineStatement	go to state 13
    classDefineStatement	go to state 14
    functionDeclareStatement	go to state 15
    functionDefineStatement	go to state 16
    classMethodDefineStatement	go to state 17
    returnStatement	go to state 18
    arrayType	go to state 19
    type	go to state 20



state 1

    type  ->  CHAR .   (rule 107)

    $default	reduce using rule 107 (type)



state 2

    classDefineStatement  ->  CLASS . CLASS_IDENTIFIER LBRACE classStatements RBRACE   (rule 50)
    classDefineStatement  ->  CLASS . CLASS_IDENTIFIER EXTENDS CLASS_IDENTIFIER LBRACE classStatements RBRACE   (rule 51)

    CLASS_IDENTIFIER	shift, and go to state 21



state 3

    type  ->  DOUBLE .   (rule 106)

    $default	reduce using rule 106 (type)



state 4

    type  ->  INT .   (rule 105)

    $default	reduce using rule 105 (type)



state 5

    returnStatement  ->  RETURN . expression   (rule 63)
    returnStatement  ->  RETURN .   (rule 64)

    DECIMAL_LITERAL	shift, and go to state 22
    DECIMAL_FLOATING_POINT_LITERAL	shift, and go to state 23
    LPAREN	shift, and go to state 24
    BANG	shift, and go to state 25
    STRING_LITERAL	shift, and go to state 26
    IDENTIFIER	shift, and go to state 27
    CHAR_LITERAL	shift, and go to state 28

    $default	reduce using rule 64 (returnStatement)

    expression	go to state 29
    compareExpression	go to state 30
    mathExpression	go to state 31
    term	go to state 32
    factor	go to state 33
    leftValue	go to state 34



state 6

    functionDeclareStatement  ->  VOID . IDENTIFIER LPAREN formParams RPAREN   (rule 54)
    functionDefineStatement  ->  VOID . IDENTIFIER LPAREN formParams RPAREN LBRACE functionStatements RBRACE   (rule 57)
    classMethodDefineStatement  ->  VOID . CLASS_IDENTIFIER NAME_SPACE IDENTIFIER LPAREN formParams RPAREN LBRACE functionStatements RBRACE   (rule 60)

    CLASS_IDENTIFIER	shift, and go to state 35
    IDENTIFIER	shift, and go to state 36



state 7

    outerStatement  ->  SEMICOLON .   (rule 12)

    $default	reduce using rule 12 (outerStatement)



state 8

    type  ->  CLASS_IDENTIFIER .   (rule 108)

    $default	reduce using rule 108 (type)



state 9

    outerStatements  ->  outerStatement . outerStatements   (rule 2)

    CHAR	shift, and go to state 1
    CLASS	shift, and go to state 2
    DOUBLE	shift, and go to state 3
    INT 	shift, and go to state 4
    RETURN	shift, and go to state 5
    VOID	shift, and go to state 6
    SEMICOLON	shift, and go to state 7
    CLASS_IDENTIFIER	shift, and go to state 8

    $default	reduce using rule 1 (outerStatements)

    outerStatements	go to state 37
    outerStatement	go to state 9
    varDeclareStatement	go to state 10
    varDefineStatement	go to state 11
    arrayDeclareStatement	go to state 12
    arrayDefineStatement	go to state 13
    classDefineStatement	go to state 14
    functionDeclareStatement	go to state 15
    functionDefineStatement	go to state 16
    classMethodDefineStatement	go to state 17
    returnStatement	go to state 18
    arrayType	go to state 19
    type	go to state 20



state 10

    outerStatement  ->  varDeclareStatement . SEMICOLON   (rule 3)

    SEMICOLON	shift, and go to state 38



state 11

    outerStatement  ->  varDefineStatement . SEMICOLON   (rule 4)

    SEMICOLON	shift, and go to state 39



state 12

    outerStatement  ->  arrayDeclareStatement . SEMICOLON   (rule 5)

    SEMICOLON	shift, and go to state 40



state 13

    outerStatement  ->  arrayDefineStatement . SEMICOLON   (rule 6)

    SEMICOLON	shift, and go to state 41



state 14

    outerStatement  ->  classDefineStatement .   (rule 7)

    $default	reduce using rule 7 (outerStatement)



state 15

    outerStatement  ->  functionDeclareStatement . SEMICOLON   (rule 8)

    SEMICOLON	shift, and go to state 42



state 16

    outerStatement  ->  functionDefineStatement .   (rule 9)

    $default	reduce using rule 9 (outerStatement)



state 17

    outerStatement  ->  classMethodDefineStatement .   (rule 10)

    $default	reduce using rule 10 (outerStatement)



state 18

    outerStatement  ->  returnStatement . SEMICOLON   (rule 11)

    SEMICOLON	shift, and go to state 43



state 19

    arrayDeclareStatement  ->  arrayType . IDENTIFIER   (rule 39)
    arrayDefineStatement  ->  arrayType . IDENTIFIER ASSIGN type LBRACKET expression RBRACKET   (rule 40)
    functionDeclareStatement  ->  arrayType . IDENTIFIER LPAREN formParams RPAREN   (rule 53)
    functionDefineStatement  ->  arrayType . IDENTIFIER LPAREN formParams RPAREN LBRACE functionStatements RBRACE   (rule 56)
    classMethodDefineStatement  ->  arrayType . CLASS_IDENTIFIER NAME_SPACE IDENTIFIER LPAREN formParams RPAREN LBRACE functionStatements RBRACE   (rule 59)

    CLASS_IDENTIFIER	shift, and go to state 44
    IDENTIFIER	shift, and go to state 45



state 20

    varDeclareStatement  ->  type . IDENTIFIER   (rule 34)
    varDefineStatement  ->  type . IDENTIFIER ASSIGN expression   (rule 35)
    functionDeclareStatement  ->  type . IDENTIFIER LPAREN formParams RPAREN   (rule 52)
    functionDefineStatement  ->  type . IDENTIFIER LPAREN formParams RPAREN LBRACE functionStatements RBRACE   (rule 55)
    classMethodDefineStatement  ->  type . CLASS_IDENTIFIER NAME_SPACE IDENTIFIER LPAREN formParams RPAREN LBRACE functionStatements RBRACE   (rule 58)
    arrayType  ->  type . LBRACKET RBRACKET   (rule 104)

    LBRACKET	shift, and go to state 46
    CLASS_IDENTIFIER	shift, and go to state 47
    IDENTIFIER	shift, and go to state 48



state 21

    classDefineStatement  ->  CLASS CLASS_IDENTIFIER . LBRACE classStatements RBRACE   (rule 50)
    classDefineStatement  ->  CLASS CLASS_IDENTIFIER . EXTENDS CLASS_IDENTIFIER LBRACE classStatements RBRACE   (rule 51)

    EXTENDS	shift, and go to state 49
    LBRACE	shift, and go to state 50



state 22

    factor  ->  DECIMAL_LITERAL .   (rule 88)

    $default	reduce using rule 88 (factor)



state 23

    factor  ->  DECIMAL_FLOATING_POINT_LITERAL .   (rule 89)

    $default	reduce using rule 89 (factor)



state 24

    factor  ->  LPAREN . expression RPAREN   (rule 95)

    DECIMAL_LITERAL	shift, and go to state 22
    DECIMAL_FLOATING_POINT_LITERAL	shift, and go to state 23
    LPAREN	shift, and go to state 24
    BANG	shift, and go to state 25
    STRING_LITERAL	shift, and go to state 26
    IDENTIFIER	shift, and go to state 27
    CHAR_LITERAL	shift, and go to state 28

    expression	go to state 51
    compareExpression	go to state 30
    mathExpression	go to state 31
    term	go to state 32
    factor	go to state 33
    leftValue	go to state 34



state 25

    expression  ->  BANG . expression   (rule 73)

    DECIMAL_LITERAL	shift, and go to state 22
    DECIMAL_FLOATING_POINT_LITERAL	shift, and go to state 23
    LPAREN	shift, and go to state 24
    BANG	shift, and go to state 25
    STRING_LITERAL	shift, and go to state 26
    IDENTIFIER	shift, and go to state 27
    CHAR_LITERAL	shift, and go to state 28

    expression	go to state 52
    compareExpression	go to state 30
    mathExpression	go to state 31
    term	go to state 32
    factor	go to state 33
    leftValue	go to state 34



state 26

    factor  ->  STRING_LITERAL .   (rule 91)

    $default	reduce using rule 91 (factor)



state 27

    leftValue  ->  IDENTIFIER . leftValueSet   (rule 96)

    DOT 	shift, and go to state 53

    $default	reduce using rule 97 (leftValueSet)

    leftValueSet	go to state 54



state 28

    factor  ->  CHAR_LITERAL .   (rule 90)

    $default	reduce using rule 90 (factor)



state 29

    returnStatement  ->  RETURN expression .   (rule 63)

    $default	reduce using rule 63 (returnStatement)



state 30

    expression  ->  compareExpression . SC_AND expression   (rule 71)
    expression  ->  compareExpression . SC_OR expression   (rule 72)
    expression  ->  compareExpression .   (rule 74)

    SC_OR	shift, and go to state 55
    SC_AND	shift, and go to state 56

    $default	reduce using rule 74 (expression)



state 31

    compareExpression  ->  mathExpression . EQ mathExpression   (rule 75)
    compareExpression  ->  mathExpression . NE mathExpression   (rule 76)
    compareExpression  ->  mathExpression . GT mathExpression   (rule 77)
    compareExpression  ->  mathExpression . GE mathExpression   (rule 78)
    compareExpression  ->  mathExpression . LT mathExpression   (rule 79)
    compareExpression  ->  mathExpression . LE mathExpression   (rule 80)
    compareExpression  ->  mathExpression .   (rule 81)

    LT  	shift, and go to state 57
    GT  	shift, and go to state 58
    EQ  	shift, and go to state 59
    LE  	shift, and go to state 60
    GE  	shift, and go to state 61
    NE  	shift, and go to state 62

    $default	reduce using rule 81 (compareExpression)



state 32

    mathExpression  ->  term . PLUS mathExpression   (rule 82)
    mathExpression  ->  term . MINUS mathExpression   (rule 83)
    mathExpression  ->  term .   (rule 84)

    PLUS	shift, and go to state 63
    MINUS	shift, and go to state 64

    $default	reduce using rule 84 (mathExpression)



state 33

    term  ->  factor . STAR term   (rule 85)
    term  ->  factor . SLASH term   (rule 86)
    term  ->  factor .   (rule 87)

    STAR	shift, and go to state 65
    SLASH	shift, and go to state 66

    $default	reduce using rule 87 (term)



state 34

    factor  ->  leftValue .   (rule 92)
    factor  ->  leftValue . LBRACKET expression RBRACKET   (rule 93)
    factor  ->  leftValue . LPAREN factParams RPAREN   (rule 94)

    LPAREN	shift, and go to state 67
    LBRACKET	shift, and go to state 68

    $default	reduce using rule 92 (factor)



state 35

    classMethodDefineStatement  ->  VOID CLASS_IDENTIFIER . NAME_SPACE IDENTIFIER LPAREN formParams RPAREN LBRACE functionStatements RBRACE   (rule 60)

    NAME_SPACE	shift, and go to state 69



state 36

    functionDeclareStatement  ->  VOID IDENTIFIER . LPAREN formParams RPAREN   (rule 54)
    functionDefineStatement  ->  VOID IDENTIFIER . LPAREN formParams RPAREN LBRACE functionStatements RBRACE   (rule 57)

    LPAREN	shift, and go to state 70



state 37

    outerStatements  ->  outerStatement outerStatements .   (rule 2)

    $default	reduce using rule 2 (outerStatements)



state 38

    outerStatement  ->  varDeclareStatement SEMICOLON .   (rule 3)

    $default	reduce using rule 3 (outerStatement)



state 39

    outerStatement  ->  varDefineStatement SEMICOLON .   (rule 4)

    $default	reduce using rule 4 (outerStatement)



state 40

    outerStatement  ->  arrayDeclareStatement SEMICOLON .   (rule 5)

    $default	reduce using rule 5 (outerStatement)



state 41

    outerStatement  ->  arrayDefineStatement SEMICOLON .   (rule 6)

    $default	reduce using rule 6 (outerStatement)



state 42

    outerStatement  ->  functionDeclareStatement SEMICOLON .   (rule 8)

    $default	reduce using rule 8 (outerStatement)



state 43

    outerStatement  ->  returnStatement SEMICOLON .   (rule 11)

    $default	reduce using rule 11 (outerStatement)



state 44

    classMethodDefineStatement  ->  arrayType CLASS_IDENTIFIER . NAME_SPACE IDENTIFIER LPAREN formParams RPAREN LBRACE functionStatements RBRACE   (rule 59)

    NAME_SPACE	shift, and go to state 71



state 45

    arrayDeclareStatement  ->  arrayType IDENTIFIER .   (rule 39)
    arrayDefineStatement  ->  arrayType IDENTIFIER . ASSIGN type LBRACKET expression RBRACKET   (rule 40)
    functionDeclareStatement  ->  arrayType IDENTIFIER . LPAREN formParams RPAREN   (rule 53)
    functionDefineStatement  ->  arrayType IDENTIFIER . LPAREN formParams RPAREN LBRACE functionStatements RBRACE   (rule 56)

    LPAREN	shift, and go to state 72
    ASSIGN	shift, and go to state 73

    $default	reduce using rule 39 (arrayDeclareStatement)



state 46

    arrayType  ->  type LBRACKET . RBRACKET   (rule 104)

    RBRACKET	shift, and go to state 74



state 47

    classMethodDefineStatement  ->  type CLASS_IDENTIFIER . NAME_SPACE IDENTIFIER LPAREN formParams RPAREN LBRACE functionStatements RBRACE   (rule 58)

    NAME_SPACE	shift, and go to state 75



state 48

    varDeclareStatement  ->  type IDENTIFIER .   (rule 34)
    varDefineStatement  ->  type IDENTIFIER . ASSIGN expression   (rule 35)
    functionDeclareStatement  ->  type IDENTIFIER . LPAREN formParams RPAREN   (rule 52)
    functionDefineStatement  ->  type IDENTIFIER . LPAREN formParams RPAREN LBRACE functionStatements RBRACE   (rule 55)

    LPAREN	shift, and go to state 76
    ASSIGN	shift, and go to state 77

    $default	reduce using rule 34 (varDeclareStatement)



state 49

    classDefineStatement  ->  CLASS CLASS_IDENTIFIER EXTENDS . CLASS_IDENTIFIER LBRACE classStatements RBRACE   (rule 51)

    CLASS_IDENTIFIER	shift, and go to state 78



state 50

    classDefineStatement  ->  CLASS CLASS_IDENTIFIER LBRACE . classStatements RBRACE   (rule 50)

    CHAR	shift, and go to state 1
    DOUBLE	shift, and go to state 3
    INT 	shift, and go to state 4
    VOID	shift, and go to state 79
    SEMICOLON	shift, and go to state 80
    CLASS_IDENTIFIER	shift, and go to state 8

    $default	reduce using rule 28 (classStatements)

    classStatements	go to state 81
    classStatement	go to state 82
    varDeclareStatement	go to state 83
    arrayDeclareStatement	go to state 84
    functionDeclareStatement	go to state 85
    arrayType	go to state 86
    type	go to state 87



state 51

    factor  ->  LPAREN expression . RPAREN   (rule 95)

    RPAREN	shift, and go to state 88



state 52

    expression  ->  BANG expression .   (rule 73)

    $default	reduce using rule 73 (expression)



state 53

    leftValueSet  ->  DOT . IDENTIFIER leftValueSet   (rule 98)

    IDENTIFIER	shift, and go to state 89



state 54

    leftValue  ->  IDENTIFIER leftValueSet .   (rule 96)

    $default	reduce using rule 96 (leftValue)



state 55

    expression  ->  compareExpression SC_OR . expression   (rule 72)

    DECIMAL_LITERAL	shift, and go to state 22
    DECIMAL_FLOATING_POINT_LITERAL	shift, and go to state 23
    LPAREN	shift, and go to state 24
    BANG	shift, and go to state 25
    STRING_LITERAL	shift, and go to state 26
    IDENTIFIER	shift, and go to state 27
    CHAR_LITERAL	shift, and go to state 28

    expression	go to state 90
    compareExpression	go to state 30
    mathExpression	go to state 31
    term	go to state 32
    factor	go to state 33
    leftValue	go to state 34



state 56

    expression  ->  compareExpression SC_AND . expression   (rule 71)

    DECIMAL_LITERAL	shift, and go to state 22
    DECIMAL_FLOATING_POINT_LITERAL	shift, and go to state 23
    LPAREN	shift, and go to state 24
    BANG	shift, and go to state 25
    STRING_LITERAL	shift, and go to state 26
    IDENTIFIER	shift, and go to state 27
    CHAR_LITERAL	shift, and go to state 28

    expression	go to state 91
    compareExpression	go to state 30
    mathExpression	go to state 31
    term	go to state 32
    factor	go to state 33
    leftValue	go to state 34



state 57

    compareExpression  ->  mathExpression LT . mathExpression   (rule 79)

    DECIMAL_LITERAL	shift, and go to state 22
    DECIMAL_FLOATING_POINT_LITERAL	shift, and go to state 23
    LPAREN	shift, and go to state 24
    STRING_LITERAL	shift, and go to state 26
    IDENTIFIER	shift, and go to state 27
    CHAR_LITERAL	shift, and go to state 28

    mathExpression	go to state 92
    term	go to state 32
    factor	go to state 33
    leftValue	go to state 34



state 58

    compareExpression  ->  mathExpression GT . mathExpression   (rule 77)

    DECIMAL_LITERAL	shift, and go to state 22
    DECIMAL_FLOATING_POINT_LITERAL	shift, and go to state 23
    LPAREN	shift, and go to state 24
    STRING_LITERAL	shift, and go to state 26
    IDENTIFIER	shift, and go to state 27
    CHAR_LITERAL	shift, and go to state 28

    mathExpression	go to state 93
    term	go to state 32
    factor	go to state 33
    leftValue	go to state 34



state 59

    compareExpression  ->  mathExpression EQ . mathExpression   (rule 75)

    DECIMAL_LITERAL	shift, and go to state 22
    DECIMAL_FLOATING_POINT_LITERAL	shift, and go to state 23
    LPAREN	shift, and go to state 24
    STRING_LITERAL	shift, and go to state 26
    IDENTIFIER	shift, and go to state 27
    CHAR_LITERAL	shift, and go to state 28

    mathExpression	go to state 94
    term	go to state 32
    factor	go to state 33
    leftValue	go to state 34



state 60

    compareExpression  ->  mathExpression LE . mathExpression   (rule 80)

    DECIMAL_LITERAL	shift, and go to state 22
    DECIMAL_FLOATING_POINT_LITERAL	shift, and go to state 23
    LPAREN	shift, and go to state 24
    STRING_LITERAL	shift, and go to state 26
    IDENTIFIER	shift, and go to state 27
    CHAR_LITERAL	shift, and go to state 28

    mathExpression	go to state 95
    term	go to state 32
    factor	go to state 33
    leftValue	go to state 34



state 61

    compareExpression  ->  mathExpression GE . mathExpression   (rule 78)

    DECIMAL_LITERAL	shift, and go to state 22
    DECIMAL_FLOATING_POINT_LITERAL	shift, and go to state 23
    LPAREN	shift, and go to state 24
    STRING_LITERAL	shift, and go to state 26
    IDENTIFIER	shift, and go to state 27
    CHAR_LITERAL	shift, and go to state 28

    mathExpression	go to state 96
    term	go to state 32
    factor	go to state 33
    leftValue	go to state 34



state 62

    compareExpression  ->  mathExpression NE . mathExpression   (rule 76)

    DECIMAL_LITERAL	shift, and go to state 22
    DECIMAL_FLOATING_POINT_LITERAL	shift, and go to state 23
    LPAREN	shift, and go to state 24
    STRING_LITERAL	shift, and go to state 26
    IDENTIFIER	shift, and go to state 27
    CHAR_LITERAL	shift, and go to state 28

    mathExpression	go to state 97
    term	go to state 32
    factor	go to state 33
    leftValue	go to state 34



state 63

    mathExpression  ->  term PLUS . mathExpression   (rule 82)

    DECIMAL_LITERAL	shift, and go to state 22
    DECIMAL_FLOATING_POINT_LITERAL	shift, and go to state 23
    LPAREN	shift, and go to state 24
    STRING_LITERAL	shift, and go to state 26
    IDENTIFIER	shift, and go to state 27
    CHAR_LITERAL	shift, and go to state 28

    mathExpression	go to state 98
    term	go to state 32
    factor	go to state 33
    leftValue	go to state 34



state 64

    mathExpression  ->  term MINUS . mathExpression   (rule 83)

    DECIMAL_LITERAL	shift, and go to state 22
    DECIMAL_FLOATING_POINT_LITERAL	shift, and go to state 23
    LPAREN	shift, and go to state 24
    STRING_LITERAL	shift, and go to state 26
    IDENTIFIER	shift, and go to state 27
    CHAR_LITERAL	shift, and go to state 28

    mathExpression	go to state 99
    term	go to state 32
    factor	go to state 33
    leftValue	go to state 34



state 65

    term  ->  factor STAR . term   (rule 85)

    DECIMAL_LITERAL	shift, and go to state 22
    DECIMAL_FLOATING_POINT_LITERAL	shift, and go to state 23
    LPAREN	shift, and go to state 24
    STRING_LITERAL	shift, and go to state 26
    IDENTIFIER	shift, and go to state 27
    CHAR_LITERAL	shift, and go to state 28

    term	go to state 100
    factor	go to state 33
    leftValue	go to state 34



state 66

    term  ->  factor SLASH . term   (rule 86)

    DECIMAL_LITERAL	shift, and go to state 22
    DECIMAL_FLOATING_POINT_LITERAL	shift, and go to state 23
    LPAREN	shift, and go to state 24
    STRING_LITERAL	shift, and go to state 26
    IDENTIFIER	shift, and go to state 27
    CHAR_LITERAL	shift, and go to state 28

    term	go to state 101
    factor	go to state 33
    leftValue	go to state 34



state 67

    factor  ->  leftValue LPAREN . factParams RPAREN   (rule 94)

    DECIMAL_LITERAL	shift, and go to state 22
    DECIMAL_FLOATING_POINT_LITERAL	shift, and go to state 23
    LPAREN	shift, and go to state 24
    BANG	shift, and go to state 25
    STRING_LITERAL	shift, and go to state 26
    IDENTIFIER	shift, and go to state 27
    CHAR_LITERAL	shift, and go to state 28

    $default	reduce using rule 99 (factParams)

    expression	go to state 102
    compareExpression	go to state 30
    mathExpression	go to state 31
    term	go to state 32
    factor	go to state 33
    leftValue	go to state 34
    factParams	go to state 103
    factParam	go to state 104



state 68

    factor  ->  leftValue LBRACKET . expression RBRACKET   (rule 93)

    DECIMAL_LITERAL	shift, and go to state 22
    DECIMAL_FLOATING_POINT_LITERAL	shift, and go to state 23
    LPAREN	shift, and go to state 24
    BANG	shift, and go to state 25
    STRING_LITERAL	shift, and go to state 26
    IDENTIFIER	shift, and go to state 27
    CHAR_LITERAL	shift, and go to state 28

    expression	go to state 105
    compareExpression	go to state 30
    mathExpression	go to state 31
    term	go to state 32
    factor	go to state 33
    leftValue	go to state 34



state 69

    classMethodDefineStatement  ->  VOID CLASS_IDENTIFIER NAME_SPACE . IDENTIFIER LPAREN formParams RPAREN LBRACE functionStatements RBRACE   (rule 60)

    IDENTIFIER	shift, and go to state 106



state 70

    functionDeclareStatement  ->  VOID IDENTIFIER LPAREN . formParams RPAREN   (rule 54)
    functionDefineStatement  ->  VOID IDENTIFIER LPAREN . formParams RPAREN LBRACE functionStatements RBRACE   (rule 57)

    CHAR	shift, and go to state 1
    DOUBLE	shift, and go to state 3
    INT 	shift, and go to state 4
    CLASS_IDENTIFIER	shift, and go to state 8

    $default	reduce using rule 65 (formParams)

    formParams	go to state 107
    formParam	go to state 108
    arrayType	go to state 109
    type	go to state 110



state 71

    classMethodDefineStatement  ->  arrayType CLASS_IDENTIFIER NAME_SPACE . IDENTIFIER LPAREN formParams RPAREN LBRACE functionStatements RBRACE   (rule 59)

    IDENTIFIER	shift, and go to state 111



state 72

    functionDeclareStatement  ->  arrayType IDENTIFIER LPAREN . formParams RPAREN   (rule 53)
    functionDefineStatement  ->  arrayType IDENTIFIER LPAREN . formParams RPAREN LBRACE functionStatements RBRACE   (rule 56)

    CHAR	shift, and go to state 1
    DOUBLE	shift, and go to state 3
    INT 	shift, and go to state 4
    CLASS_IDENTIFIER	shift, and go to state 8

    $default	reduce using rule 65 (formParams)

    formParams	go to state 112
    formParam	go to state 108
    arrayType	go to state 109
    type	go to state 110



state 73

    arrayDefineStatement  ->  arrayType IDENTIFIER ASSIGN . type LBRACKET expression RBRACKET   (rule 40)

    CHAR	shift, and go to state 1
    DOUBLE	shift, and go to state 3
    INT 	shift, and go to state 4
    CLASS_IDENTIFIER	shift, and go to state 8

    type	go to state 113



state 74

    arrayType  ->  type LBRACKET RBRACKET .   (rule 104)

    $default	reduce using rule 104 (arrayType)



state 75

    classMethodDefineStatement  ->  type CLASS_IDENTIFIER NAME_SPACE . IDENTIFIER LPAREN formParams RPAREN LBRACE functionStatements RBRACE   (rule 58)

    IDENTIFIER	shift, and go to state 114



state 76

    functionDeclareStatement  ->  type IDENTIFIER LPAREN . formParams RPAREN   (rule 52)
    functionDefineStatement  ->  type IDENTIFIER LPAREN . formParams RPAREN LBRACE functionStatements RBRACE   (rule 55)

    CHAR	shift, and go to state 1
    DOUBLE	shift, and go to state 3
    INT 	shift, and go to state 4
    CLASS_IDENTIFIER	shift, and go to state 8

    $default	reduce using rule 65 (formParams)

    formParams	go to state 115
    formParam	go to state 108
    arrayType	go to state 109
    type	go to state 110



state 77

    varDefineStatement  ->  type IDENTIFIER ASSIGN . expression   (rule 35)

    DECIMAL_LITERAL	shift, and go to state 22
    DECIMAL_FLOATING_POINT_LITERAL	shift, and go to state 23
    LPAREN	shift, and go to state 24
    BANG	shift, and go to state 25
    STRING_LITERAL	shift, and go to state 26
    IDENTIFIER	shift, and go to state 27
    CHAR_LITERAL	shift, and go to state 28

    expression	go to state 116
    compareExpression	go to state 30
    mathExpression	go to state 31
    term	go to state 32
    factor	go to state 33
    leftValue	go to state 34



state 78

    classDefineStatement  ->  CLASS CLASS_IDENTIFIER EXTENDS CLASS_IDENTIFIER . LBRACE classStatements RBRACE   (rule 51)

    LBRACE	shift, and go to state 117



state 79

    functionDeclareStatement  ->  VOID . IDENTIFIER LPAREN formParams RPAREN   (rule 54)

    IDENTIFIER	shift, and go to state 118



state 80

    classStatement  ->  SEMICOLON .   (rule 33)

    $default	reduce using rule 33 (classStatement)



state 81

    classDefineStatement  ->  CLASS CLASS_IDENTIFIER LBRACE classStatements . RBRACE   (rule 50)

    RBRACE	shift, and go to state 119



state 82

    classStatements  ->  classStatement . classStatements   (rule 29)

    CHAR	shift, and go to state 1
    DOUBLE	shift, and go to state 3
    INT 	shift, and go to state 4
    VOID	shift, and go to state 79
    SEMICOLON	shift, and go to state 80
    CLASS_IDENTIFIER	shift, and go to state 8

    $default	reduce using rule 28 (classStatements)

    classStatements	go to state 120
    classStatement	go to state 82
    varDeclareStatement	go to state 83
    arrayDeclareStatement	go to state 84
    functionDeclareStatement	go to state 85
    arrayType	go to state 86
    type	go to state 87



state 83

    classStatement  ->  varDeclareStatement . SEMICOLON   (rule 30)

    SEMICOLON	shift, and go to state 121



state 84

    classStatement  ->  arrayDeclareStatement . SEMICOLON   (rule 31)

    SEMICOLON	shift, and go to state 122



state 85

    classStatement  ->  functionDeclareStatement . SEMICOLON   (rule 32)

    SEMICOLON	shift, and go to state 123



state 86

    arrayDeclareStatement  ->  arrayType . IDENTIFIER   (rule 39)
    functionDeclareStatement  ->  arrayType . IDENTIFIER LPAREN formParams RPAREN   (rule 53)

    IDENTIFIER	shift, and go to state 124



state 87

    varDeclareStatement  ->  type . IDENTIFIER   (rule 34)
    functionDeclareStatement  ->  type . IDENTIFIER LPAREN formParams RPAREN   (rule 52)
    arrayType  ->  type . LBRACKET RBRACKET   (rule 104)

    LBRACKET	shift, and go to state 46
    IDENTIFIER	shift, and go to state 125



state 88

    factor  ->  LPAREN expression RPAREN .   (rule 95)

    $default	reduce using rule 95 (factor)



state 89

    leftValueSet  ->  DOT IDENTIFIER . leftValueSet   (rule 98)

    DOT 	shift, and go to state 53

    $default	reduce using rule 97 (leftValueSet)

    leftValueSet	go to state 126



state 90

    expression  ->  compareExpression SC_OR expression .   (rule 72)

    $default	reduce using rule 72 (expression)



state 91

    expression  ->  compareExpression SC_AND expression .   (rule 71)

    $default	reduce using rule 71 (expression)



state 92

    compareExpression  ->  mathExpression LT mathExpression .   (rule 79)

    $default	reduce using rule 79 (compareExpression)



state 93

    compareExpression  ->  mathExpression GT mathExpression .   (rule 77)

    $default	reduce using rule 77 (compareExpression)



state 94

    compareExpression  ->  mathExpression EQ mathExpression .   (rule 75)

    $default	reduce using rule 75 (compareExpression)



state 95

    compareExpression  ->  mathExpression LE mathExpression .   (rule 80)

    $default	reduce using rule 80 (compareExpression)



state 96

    compareExpression  ->  mathExpression GE mathExpression .   (rule 78)

    $default	reduce using rule 78 (compareExpression)



state 97

    compareExpression  ->  mathExpression NE mathExpression .   (rule 76)

    $default	reduce using rule 76 (compareExpression)



state 98

    mathExpression  ->  term PLUS mathExpression .   (rule 82)

    $default	reduce using rule 82 (mathExpression)



state 99

    mathExpression  ->  term MINUS mathExpression .   (rule 83)

    $default	reduce using rule 83 (mathExpression)



state 100

    term  ->  factor STAR term .   (rule 85)

    $default	reduce using rule 85 (term)



state 101

    term  ->  factor SLASH term .   (rule 86)

    $default	reduce using rule 86 (term)



state 102

    factParam  ->  expression .   (rule 103)

    $default	reduce using rule 103 (factParam)



state 103

    factor  ->  leftValue LPAREN factParams . RPAREN   (rule 94)

    RPAREN	shift, and go to state 127



state 104

    factParams  ->  factParam . factParamSet   (rule 100)

    COMMA	shift, and go to state 128

    $default	reduce using rule 101 (factParamSet)

    factParamSet	go to state 129



state 105

    factor  ->  leftValue LBRACKET expression . RBRACKET   (rule 93)

    RBRACKET	shift, and go to state 130



state 106

    classMethodDefineStatement  ->  VOID CLASS_IDENTIFIER NAME_SPACE IDENTIFIER . LPAREN formParams RPAREN LBRACE functionStatements RBRACE   (rule 60)

    LPAREN	shift, and go to state 131



state 107

    functionDeclareStatement  ->  VOID IDENTIFIER LPAREN formParams . RPAREN   (rule 54)
    functionDefineStatement  ->  VOID IDENTIFIER LPAREN formParams . RPAREN LBRACE functionStatements RBRACE   (rule 57)

    RPAREN	shift, and go to state 132



state 108

    formParams  ->  formParam . formParamSet   (rule 66)

    COMMA	shift, and go to state 133

    $default	reduce using rule 67 (formParamSet)

    formParamSet	go to state 134



state 109

    formParam  ->  arrayType . IDENTIFIER   (rule 70)

    IDENTIFIER	shift, and go to state 135



state 110

    formParam  ->  type . IDENTIFIER   (rule 69)
    arrayType  ->  type . LBRACKET RBRACKET   (rule 104)

    LBRACKET	shift, and go to state 46
    IDENTIFIER	shift, and go to state 136



state 111

    classMethodDefineStatement  ->  arrayType CLASS_IDENTIFIER NAME_SPACE IDENTIFIER . LPAREN formParams RPAREN LBRACE functionStatements RBRACE   (rule 59)

    LPAREN	shift, and go to state 137



state 112

    functionDeclareStatement  ->  arrayType IDENTIFIER LPAREN formParams . RPAREN   (rule 53)
    functionDefineStatement  ->  arrayType IDENTIFIER LPAREN formParams . RPAREN LBRACE functionStatements RBRACE   (rule 56)

    RPAREN	shift, and go to state 138



state 113

    arrayDefineStatement  ->  arrayType IDENTIFIER ASSIGN type . LBRACKET expression RBRACKET   (rule 40)

    LBRACKET	shift, and go to state 139



state 114

    classMethodDefineStatement  ->  type CLASS_IDENTIFIER NAME_SPACE IDENTIFIER . LPAREN formParams RPAREN LBRACE functionStatements RBRACE   (rule 58)

    LPAREN	shift, and go to state 140



state 115

    functionDeclareStatement  ->  type IDENTIFIER LPAREN formParams . RPAREN   (rule 52)
    functionDefineStatement  ->  type IDENTIFIER LPAREN formParams . RPAREN LBRACE functionStatements RBRACE   (rule 55)

    RPAREN	shift, and go to state 141



state 116

    varDefineStatement  ->  type IDENTIFIER ASSIGN expression .   (rule 35)

    $default	reduce using rule 35 (varDefineStatement)



state 117

    classDefineStatement  ->  CLASS CLASS_IDENTIFIER EXTENDS CLASS_IDENTIFIER LBRACE . classStatements RBRACE   (rule 51)

    CHAR	shift, and go to state 1
    DOUBLE	shift, and go to state 3
    INT 	shift, and go to state 4
    VOID	shift, and go to state 79
    SEMICOLON	shift, and go to state 80
    CLASS_IDENTIFIER	shift, and go to state 8

    $default	reduce using rule 28 (classStatements)

    classStatements	go to state 142
    classStatement	go to state 82
    varDeclareStatement	go to state 83
    arrayDeclareStatement	go to state 84
    functionDeclareStatement	go to state 85
    arrayType	go to state 86
    type	go to state 87



state 118

    functionDeclareStatement  ->  VOID IDENTIFIER . LPAREN formParams RPAREN   (rule 54)

    LPAREN	shift, and go to state 143



state 119

    classDefineStatement  ->  CLASS CLASS_IDENTIFIER LBRACE classStatements RBRACE .   (rule 50)

    $default	reduce using rule 50 (classDefineStatement)



state 120

    classStatements  ->  classStatement classStatements .   (rule 29)

    $default	reduce using rule 29 (classStatements)



state 121

    classStatement  ->  varDeclareStatement SEMICOLON .   (rule 30)

    $default	reduce using rule 30 (classStatement)



state 122

    classStatement  ->  arrayDeclareStatement SEMICOLON .   (rule 31)

    $default	reduce using rule 31 (classStatement)



state 123

    classStatement  ->  functionDeclareStatement SEMICOLON .   (rule 32)

    $default	reduce using rule 32 (classStatement)



state 124

    arrayDeclareStatement  ->  arrayType IDENTIFIER .   (rule 39)
    functionDeclareStatement  ->  arrayType IDENTIFIER . LPAREN formParams RPAREN   (rule 53)

    LPAREN	shift, and go to state 144

    $default	reduce using rule 39 (arrayDeclareStatement)



state 125

    varDeclareStatement  ->  type IDENTIFIER .   (rule 34)
    functionDeclareStatement  ->  type IDENTIFIER . LPAREN formParams RPAREN   (rule 52)

    LPAREN	shift, and go to state 145

    $default	reduce using rule 34 (varDeclareStatement)



state 126

    leftValueSet  ->  DOT IDENTIFIER leftValueSet .   (rule 98)

    $default	reduce using rule 98 (leftValueSet)



state 127

    factor  ->  leftValue LPAREN factParams RPAREN .   (rule 94)

    $default	reduce using rule 94 (factor)



state 128

    factParamSet  ->  COMMA . factParam factParamSet   (rule 102)

    DECIMAL_LITERAL	shift, and go to state 22
    DECIMAL_FLOATING_POINT_LITERAL	shift, and go to state 23
    LPAREN	shift, and go to state 24
    BANG	shift, and go to state 25
    STRING_LITERAL	shift, and go to state 26
    IDENTIFIER	shift, and go to state 27
    CHAR_LITERAL	shift, and go to state 28

    expression	go to state 102
    compareExpression	go to state 30
    mathExpression	go to state 31
    term	go to state 32
    factor	go to state 33
    leftValue	go to state 34
    factParam	go to state 146



state 129

    factParams  ->  factParam factParamSet .   (rule 100)

    $default	reduce using rule 100 (factParams)



state 130

    factor  ->  leftValue LBRACKET expression RBRACKET .   (rule 93)

    $default	reduce using rule 93 (factor)



state 131

    classMethodDefineStatement  ->  VOID CLASS_IDENTIFIER NAME_SPACE IDENTIFIER LPAREN . formParams RPAREN LBRACE functionStatements RBRACE   (rule 60)

    CHAR	shift, and go to state 1
    DOUBLE	shift, and go to state 3
    INT 	shift, and go to state 4
    CLASS_IDENTIFIER	shift, and go to state 8

    $default	reduce using rule 65 (formParams)

    formParams	go to state 147
    formParam	go to state 108
    arrayType	go to state 109
    type	go to state 110



state 132

    functionDeclareStatement  ->  VOID IDENTIFIER LPAREN formParams RPAREN .   (rule 54)
    functionDefineStatement  ->  VOID IDENTIFIER LPAREN formParams RPAREN . LBRACE functionStatements RBRACE   (rule 57)

    LBRACE	shift, and go to state 148

    $default	reduce using rule 54 (functionDeclareStatement)



state 133

    formParamSet  ->  COMMA . formParam formParamSet   (rule 68)

    CHAR	shift, and go to state 1
    DOUBLE	shift, and go to state 3
    INT 	shift, and go to state 4
    CLASS_IDENTIFIER	shift, and go to state 8

    formParam	go to state 149
    arrayType	go to state 109
    type	go to state 110



state 134

    formParams  ->  formParam formParamSet .   (rule 66)

    $default	reduce using rule 66 (formParams)



state 135

    formParam  ->  arrayType IDENTIFIER .   (rule 70)

    $default	reduce using rule 70 (formParam)



state 136

    formParam  ->  type IDENTIFIER .   (rule 69)

    $default	reduce using rule 69 (formParam)



state 137

    classMethodDefineStatement  ->  arrayType CLASS_IDENTIFIER NAME_SPACE IDENTIFIER LPAREN . formParams RPAREN LBRACE functionStatements RBRACE   (rule 59)

    CHAR	shift, and go to state 1
    DOUBLE	shift, and go to state 3
    INT 	shift, and go to state 4
    CLASS_IDENTIFIER	shift, and go to state 8

    $default	reduce using rule 65 (formParams)

    formParams	go to state 150
    formParam	go to state 108
    arrayType	go to state 109
    type	go to state 110



state 138

    functionDeclareStatement  ->  arrayType IDENTIFIER LPAREN formParams RPAREN .   (rule 53)
    functionDefineStatement  ->  arrayType IDENTIFIER LPAREN formParams RPAREN . LBRACE functionStatements RBRACE   (rule 56)

    LBRACE	shift, and go to state 151

    $default	reduce using rule 53 (functionDeclareStatement)



state 139

    arrayDefineStatement  ->  arrayType IDENTIFIER ASSIGN type LBRACKET . expression RBRACKET   (rule 40)

    DECIMAL_LITERAL	shift, and go to state 22
    DECIMAL_FLOATING_POINT_LITERAL	shift, and go to state 23
    LPAREN	shift, and go to state 24
    BANG	shift, and go to state 25
    STRING_LITERAL	shift, and go to state 26
    IDENTIFIER	shift, and go to state 27
    CHAR_LITERAL	shift, and go to state 28

    expression	go to state 152
    compareExpression	go to state 30
    mathExpression	go to state 31
    term	go to state 32
    factor	go to state 33
    leftValue	go to state 34



state 140

    classMethodDefineStatement  ->  type CLASS_IDENTIFIER NAME_SPACE IDENTIFIER LPAREN . formParams RPAREN LBRACE functionStatements RBRACE   (rule 58)

    CHAR	shift, and go to state 1
    DOUBLE	shift, and go to state 3
    INT 	shift, and go to state 4
    CLASS_IDENTIFIER	shift, and go to state 8

    $default	reduce using rule 65 (formParams)

    formParams	go to state 153
    formParam	go to state 108
    arrayType	go to state 109
    type	go to state 110



state 141

    functionDeclareStatement  ->  type IDENTIFIER LPAREN formParams RPAREN .   (rule 52)
    functionDefineStatement  ->  type IDENTIFIER LPAREN formParams RPAREN . LBRACE functionStatements RBRACE   (rule 55)

    LBRACE	shift, and go to state 154

    $default	reduce using rule 52 (functionDeclareStatement)



state 142

    classDefineStatement  ->  CLASS CLASS_IDENTIFIER EXTENDS CLASS_IDENTIFIER LBRACE classStatements . RBRACE   (rule 51)

    RBRACE	shift, and go to state 155



state 143

    functionDeclareStatement  ->  VOID IDENTIFIER LPAREN . formParams RPAREN   (rule 54)

    CHAR	shift, and go to state 1
    DOUBLE	shift, and go to state 3
    INT 	shift, and go to state 4
    CLASS_IDENTIFIER	shift, and go to state 8

    $default	reduce using rule 65 (formParams)

    formParams	go to state 156
    formParam	go to state 108
    arrayType	go to state 109
    type	go to state 110



state 144

    functionDeclareStatement  ->  arrayType IDENTIFIER LPAREN . formParams RPAREN   (rule 53)

    CHAR	shift, and go to state 1
    DOUBLE	shift, and go to state 3
    INT 	shift, and go to state 4
    CLASS_IDENTIFIER	shift, and go to state 8

    $default	reduce using rule 65 (formParams)

    formParams	go to state 157
    formParam	go to state 108
    arrayType	go to state 109
    type	go to state 110



state 145

    functionDeclareStatement  ->  type IDENTIFIER LPAREN . formParams RPAREN   (rule 52)

    CHAR	shift, and go to state 1
    DOUBLE	shift, and go to state 3
    INT 	shift, and go to state 4
    CLASS_IDENTIFIER	shift, and go to state 8

    $default	reduce using rule 65 (formParams)

    formParams	go to state 158
    formParam	go to state 108
    arrayType	go to state 109
    type	go to state 110



state 146

    factParamSet  ->  COMMA factParam . factParamSet   (rule 102)

    COMMA	shift, and go to state 128

    $default	reduce using rule 101 (factParamSet)

    factParamSet	go to state 159



state 147

    classMethodDefineStatement  ->  VOID CLASS_IDENTIFIER NAME_SPACE IDENTIFIER LPAREN formParams . RPAREN LBRACE functionStatements RBRACE   (rule 60)

    RPAREN	shift, and go to state 160



state 148

    functionDefineStatement  ->  VOID IDENTIFIER LPAREN formParams RPAREN LBRACE . functionStatements RBRACE   (rule 57)

    BREAK	shift, and go to state 161
    CHAR	shift, and go to state 1
    CONTINUE	shift, and go to state 162
    DOUBLE	shift, and go to state 3
    FOREACH	shift, and go to state 163
    IF  	shift, and go to state 164
    INT 	shift, and go to state 4
    RETURN	shift, and go to state 5
    WHILE	shift, and go to state 165
    DECIMAL_LITERAL	shift, and go to state 22
    DECIMAL_FLOATING_POINT_LITERAL	shift, and go to state 23
    LPAREN	shift, and go to state 24
    SEMICOLON	shift, and go to state 166
    BANG	shift, and go to state 25
    CLASS_IDENTIFIER	shift, and go to state 8
    STRING_LITERAL	shift, and go to state 26
    IDENTIFIER	shift, and go to state 27
    CHAR_LITERAL	shift, and go to state 28

    $default	reduce using rule 13 (functionStatements)

    functionStatements	go to state 167
    functionStatement	go to state 168
    varDeclareStatement	go to state 169
    varDefineStatement	go to state 170
    varAssignStatement	go to state 171
    arrayDeclareStatement	go to state 172
    arrayDefineStatement	go to state 173
    arrayAssignStatement	go to state 174
    ifStatement	go to state 175
    whileStatement	go to state 176
    foreachStatement	go to state 177
    breakStatement	go to state 178
    continueStatement	go to state 179
    returnStatement	go to state 180
    expression	go to state 181
    compareExpression	go to state 30
    mathExpression	go to state 31
    term	go to state 32
    factor	go to state 33
    leftValue	go to state 182
    arrayType	go to state 183
    type	go to state 184



state 149

    formParamSet  ->  COMMA formParam . formParamSet   (rule 68)

    COMMA	shift, and go to state 133

    $default	reduce using rule 67 (formParamSet)

    formParamSet	go to state 185



state 150

    classMethodDefineStatement  ->  arrayType CLASS_IDENTIFIER NAME_SPACE IDENTIFIER LPAREN formParams . RPAREN LBRACE functionStatements RBRACE   (rule 59)

    RPAREN	shift, and go to state 186



state 151

    functionDefineStatement  ->  arrayType IDENTIFIER LPAREN formParams RPAREN LBRACE . functionStatements RBRACE   (rule 56)

    BREAK	shift, and go to state 161
    CHAR	shift, and go to state 1
    CONTINUE	shift, and go to state 162
    DOUBLE	shift, and go to state 3
    FOREACH	shift, and go to state 163
    IF  	shift, and go to state 164
    INT 	shift, and go to state 4
    RETURN	shift, and go to state 5
    WHILE	shift, and go to state 165
    DECIMAL_LITERAL	shift, and go to state 22
    DECIMAL_FLOATING_POINT_LITERAL	shift, and go to state 23
    LPAREN	shift, and go to state 24
    SEMICOLON	shift, and go to state 166
    BANG	shift, and go to state 25
    CLASS_IDENTIFIER	shift, and go to state 8
    STRING_LITERAL	shift, and go to state 26
    IDENTIFIER	shift, and go to state 27
    CHAR_LITERAL	shift, and go to state 28

    $default	reduce using rule 13 (functionStatements)

    functionStatements	go to state 187
    functionStatement	go to state 168
    varDeclareStatement	go to state 169
    varDefineStatement	go to state 170
    varAssignStatement	go to state 171
    arrayDeclareStatement	go to state 172
    arrayDefineStatement	go to state 173
    arrayAssignStatement	go to state 174
    ifStatement	go to state 175
    whileStatement	go to state 176
    foreachStatement	go to state 177
    breakStatement	go to state 178
    continueStatement	go to state 179
    returnStatement	go to state 180
    expression	go to state 181
    compareExpression	go to state 30
    mathExpression	go to state 31
    term	go to state 32
    factor	go to state 33
    leftValue	go to state 182
    arrayType	go to state 183
    type	go to state 184



state 152

    arrayDefineStatement  ->  arrayType IDENTIFIER ASSIGN type LBRACKET expression . RBRACKET   (rule 40)

    RBRACKET	shift, and go to state 188



state 153

    classMethodDefineStatement  ->  type CLASS_IDENTIFIER NAME_SPACE IDENTIFIER LPAREN formParams . RPAREN LBRACE functionStatements RBRACE   (rule 58)

    RPAREN	shift, and go to state 189



state 154

    functionDefineStatement  ->  type IDENTIFIER LPAREN formParams RPAREN LBRACE . functionStatements RBRACE   (rule 55)

    BREAK	shift, and go to state 161
    CHAR	shift, and go to state 1
    CONTINUE	shift, and go to state 162
    DOUBLE	shift, and go to state 3
    FOREACH	shift, and go to state 163
    IF  	shift, and go to state 164
    INT 	shift, and go to state 4
    RETURN	shift, and go to state 5
    WHILE	shift, and go to state 165
    DECIMAL_LITERAL	shift, and go to state 22
    DECIMAL_FLOATING_POINT_LITERAL	shift, and go to state 23
    LPAREN	shift, and go to state 24
    SEMICOLON	shift, and go to state 166
    BANG	shift, and go to state 25
    CLASS_IDENTIFIER	shift, and go to state 8
    STRING_LITERAL	shift, and go to state 26
    IDENTIFIER	shift, and go to state 27
    CHAR_LITERAL	shift, and go to state 28

    $default	reduce using rule 13 (functionStatements)

    functionStatements	go to state 190
    functionStatement	go to state 168
    varDeclareStatement	go to state 169
    varDefineStatement	go to state 170
    varAssignStatement	go to state 171
    arrayDeclareStatement	go to state 172
    arrayDefineStatement	go to state 173
    arrayAssignStatement	go to state 174
    ifStatement	go to state 175
    whileStatement	go to state 176
    foreachStatement	go to state 177
    breakStatement	go to state 178
    continueStatement	go to state 179
    returnStatement	go to state 180
    expression	go to state 181
    compareExpression	go to state 30
    mathExpression	go to state 31
    term	go to state 32
    factor	go to state 33
    leftValue	go to state 182
    arrayType	go to state 183
    type	go to state 184



state 155

    classDefineStatement  ->  CLASS CLASS_IDENTIFIER EXTENDS CLASS_IDENTIFIER LBRACE classStatements RBRACE .   (rule 51)

    $default	reduce using rule 51 (classDefineStatement)



state 156

    functionDeclareStatement  ->  VOID IDENTIFIER LPAREN formParams . RPAREN   (rule 54)

    RPAREN	shift, and go to state 191



state 157

    functionDeclareStatement  ->  arrayType IDENTIFIER LPAREN formParams . RPAREN   (rule 53)

    RPAREN	shift, and go to state 192



state 158

    functionDeclareStatement  ->  type IDENTIFIER LPAREN formParams . RPAREN   (rule 52)

    RPAREN	shift, and go to state 193



state 159

    factParamSet  ->  COMMA factParam factParamSet .   (rule 102)

    $default	reduce using rule 102 (factParamSet)



state 160

    classMethodDefineStatement  ->  VOID CLASS_IDENTIFIER NAME_SPACE IDENTIFIER LPAREN formParams RPAREN . LBRACE functionStatements RBRACE   (rule 60)

    LBRACE	shift, and go to state 194



state 161

    breakStatement  ->  BREAK .   (rule 61)

    $default	reduce using rule 61 (breakStatement)



state 162

    continueStatement  ->  CONTINUE .   (rule 62)

    $default	reduce using rule 62 (continueStatement)



state 163

    foreachStatement  ->  FOREACH . LPAREN IDENTIFIER IN leftValue RPAREN LBRACE functionStatements RBRACE   (rule 49)

    LPAREN	shift, and go to state 195



state 164

    ifStatement  ->  IF . LPAREN expression RPAREN LBRACE functionStatements RBRACE elifParts elsePart   (rule 42)

    LPAREN	shift, and go to state 196



state 165

    whileStatement  ->  WHILE . LPAREN expression RPAREN LBRACE functionStatements RBRACE   (rule 48)

    LPAREN	shift, and go to state 197



state 166

    functionStatement  ->  SEMICOLON .   (rule 27)

    $default	reduce using rule 27 (functionStatement)



state 167

    functionDefineStatement  ->  VOID IDENTIFIER LPAREN formParams RPAREN LBRACE functionStatements . RBRACE   (rule 57)

    RBRACE	shift, and go to state 198



state 168

    functionStatements  ->  functionStatement . functionStatements   (rule 14)

    BREAK	shift, and go to state 161
    CHAR	shift, and go to state 1
    CONTINUE	shift, and go to state 162
    DOUBLE	shift, and go to state 3
    FOREACH	shift, and go to state 163
    IF  	shift, and go to state 164
    INT 	shift, and go to state 4
    RETURN	shift, and go to state 5
    WHILE	shift, and go to state 165
    DECIMAL_LITERAL	shift, and go to state 22
    DECIMAL_FLOATING_POINT_LITERAL	shift, and go to state 23
    LPAREN	shift, and go to state 24
    SEMICOLON	shift, and go to state 166
    BANG	shift, and go to state 25
    CLASS_IDENTIFIER	shift, and go to state 8
    STRING_LITERAL	shift, and go to state 26
    IDENTIFIER	shift, and go to state 27
    CHAR_LITERAL	shift, and go to state 28

    $default	reduce using rule 13 (functionStatements)

    functionStatements	go to state 199
    functionStatement	go to state 168
    varDeclareStatement	go to state 169
    varDefineStatement	go to state 170
    varAssignStatement	go to state 171
    arrayDeclareStatement	go to state 172
    arrayDefineStatement	go to state 173
    arrayAssignStatement	go to state 174
    ifStatement	go to state 175
    whileStatement	go to state 176
    foreachStatement	go to state 177
    breakStatement	go to state 178
    continueStatement	go to state 179
    returnStatement	go to state 180
    expression	go to state 181
    compareExpression	go to state 30
    mathExpression	go to state 31
    term	go to state 32
    factor	go to state 33
    leftValue	go to state 182
    arrayType	go to state 183
    type	go to state 184



state 169

    functionStatement  ->  varDeclareStatement . SEMICOLON   (rule 15)

    SEMICOLON	shift, and go to state 200



state 170

    functionStatement  ->  varDefineStatement . SEMICOLON   (rule 16)

    SEMICOLON	shift, and go to state 201



state 171

    functionStatement  ->  varAssignStatement . SEMICOLON   (rule 17)

    SEMICOLON	shift, and go to state 202



state 172

    functionStatement  ->  arrayDeclareStatement . SEMICOLON   (rule 18)

    SEMICOLON	shift, and go to state 203



state 173

    functionStatement  ->  arrayDefineStatement . SEMICOLON   (rule 19)

    SEMICOLON	shift, and go to state 204



state 174

    functionStatement  ->  arrayAssignStatement . SEMICOLON   (rule 20)

    SEMICOLON	shift, and go to state 205



state 175

    functionStatement  ->  ifStatement .   (rule 21)

    $default	reduce using rule 21 (functionStatement)



state 176

    functionStatement  ->  whileStatement .   (rule 22)

    $default	reduce using rule 22 (functionStatement)



state 177

    functionStatement  ->  foreachStatement .   (rule 23)

    $default	reduce using rule 23 (functionStatement)



state 178

    functionStatement  ->  breakStatement . SEMICOLON   (rule 24)

    SEMICOLON	shift, and go to state 206



state 179

    functionStatement  ->  continueStatement . SEMICOLON   (rule 25)

    SEMICOLON	shift, and go to state 207



state 180

    functionStatement  ->  returnStatement . SEMICOLON   (rule 26)

    SEMICOLON	shift, and go to state 208



state 181

    varAssignStatement  ->  expression .   (rule 38)

    $default	reduce using rule 38 (varAssignStatement)



state 182

    varAssignStatement  ->  leftValue . ASSIGN expression   (rule 36)
    varAssignStatement  ->  leftValue . LBRACKET expression RBRACKET ASSIGN expression   (rule 37)
    arrayAssignStatement  ->  leftValue . ASSIGN type LBRACKET expression RBRACKET   (rule 41)
    factor  ->  leftValue .   (rule 92)
    factor  ->  leftValue . LBRACKET expression RBRACKET   (rule 93)
    factor  ->  leftValue . LPAREN factParams RPAREN   (rule 94)

    LPAREN	shift, and go to state 67
    LBRACKET	shift, and go to state 209
    ASSIGN	shift, and go to state 210

    $default	reduce using rule 92 (factor)



state 183

    arrayDeclareStatement  ->  arrayType . IDENTIFIER   (rule 39)
    arrayDefineStatement  ->  arrayType . IDENTIFIER ASSIGN type LBRACKET expression RBRACKET   (rule 40)

    IDENTIFIER	shift, and go to state 211



state 184

    varDeclareStatement  ->  type . IDENTIFIER   (rule 34)
    varDefineStatement  ->  type . IDENTIFIER ASSIGN expression   (rule 35)
    arrayType  ->  type . LBRACKET RBRACKET   (rule 104)

    LBRACKET	shift, and go to state 46
    IDENTIFIER	shift, and go to state 212



state 185

    formParamSet  ->  COMMA formParam formParamSet .   (rule 68)

    $default	reduce using rule 68 (formParamSet)



state 186

    classMethodDefineStatement  ->  arrayType CLASS_IDENTIFIER NAME_SPACE IDENTIFIER LPAREN formParams RPAREN . LBRACE functionStatements RBRACE   (rule 59)

    LBRACE	shift, and go to state 213



state 187

    functionDefineStatement  ->  arrayType IDENTIFIER LPAREN formParams RPAREN LBRACE functionStatements . RBRACE   (rule 56)

    RBRACE	shift, and go to state 214



state 188

    arrayDefineStatement  ->  arrayType IDENTIFIER ASSIGN type LBRACKET expression RBRACKET .   (rule 40)

    $default	reduce using rule 40 (arrayDefineStatement)



state 189

    classMethodDefineStatement  ->  type CLASS_IDENTIFIER NAME_SPACE IDENTIFIER LPAREN formParams RPAREN . LBRACE functionStatements RBRACE   (rule 58)

    LBRACE	shift, and go to state 215



state 190

    functionDefineStatement  ->  type IDENTIFIER LPAREN formParams RPAREN LBRACE functionStatements . RBRACE   (rule 55)

    RBRACE	shift, and go to state 216



state 191

    functionDeclareStatement  ->  VOID IDENTIFIER LPAREN formParams RPAREN .   (rule 54)

    $default	reduce using rule 54 (functionDeclareStatement)



state 192

    functionDeclareStatement  ->  arrayType IDENTIFIER LPAREN formParams RPAREN .   (rule 53)

    $default	reduce using rule 53 (functionDeclareStatement)



state 193

    functionDeclareStatement  ->  type IDENTIFIER LPAREN formParams RPAREN .   (rule 52)

    $default	reduce using rule 52 (functionDeclareStatement)



state 194

    classMethodDefineStatement  ->  VOID CLASS_IDENTIFIER NAME_SPACE IDENTIFIER LPAREN formParams RPAREN LBRACE . functionStatements RBRACE   (rule 60)

    BREAK	shift, and go to state 161
    CHAR	shift, and go to state 1
    CONTINUE	shift, and go to state 162
    DOUBLE	shift, and go to state 3
    FOREACH	shift, and go to state 163
    IF  	shift, and go to state 164
    INT 	shift, and go to state 4
    RETURN	shift, and go to state 5
    WHILE	shift, and go to state 165
    DECIMAL_LITERAL	shift, and go to state 22
    DECIMAL_FLOATING_POINT_LITERAL	shift, and go to state 23
    LPAREN	shift, and go to state 24
    SEMICOLON	shift, and go to state 166
    BANG	shift, and go to state 25
    CLASS_IDENTIFIER	shift, and go to state 8
    STRING_LITERAL	shift, and go to state 26
    IDENTIFIER	shift, and go to state 27
    CHAR_LITERAL	shift, and go to state 28

    $default	reduce using rule 13 (functionStatements)

    functionStatements	go to state 217
    functionStatement	go to state 168
    varDeclareStatement	go to state 169
    varDefineStatement	go to state 170
    varAssignStatement	go to state 171
    arrayDeclareStatement	go to state 172
    arrayDefineStatement	go to state 173
    arrayAssignStatement	go to state 174
    ifStatement	go to state 175
    whileStatement	go to state 176
    foreachStatement	go to state 177
    breakStatement	go to state 178
    continueStatement	go to state 179
    returnStatement	go to state 180
    expression	go to state 181
    compareExpression	go to state 30
    mathExpression	go to state 31
    term	go to state 32
    factor	go to state 33
    leftValue	go to state 182
    arrayType	go to state 183
    type	go to state 184



state 195

    foreachStatement  ->  FOREACH LPAREN . IDENTIFIER IN leftValue RPAREN LBRACE functionStatements RBRACE   (rule 49)

    IDENTIFIER	shift, and go to state 218



state 196

    ifStatement  ->  IF LPAREN . expression RPAREN LBRACE functionStatements RBRACE elifParts elsePart   (rule 42)

    DECIMAL_LITERAL	shift, and go to state 22
    DECIMAL_FLOATING_POINT_LITERAL	shift, and go to state 23
    LPAREN	shift, and go to state 24
    BANG	shift, and go to state 25
    STRING_LITERAL	shift, and go to state 26
    IDENTIFIER	shift, and go to state 27
    CHAR_LITERAL	shift, and go to state 28

    expression	go to state 219
    compareExpression	go to state 30
    mathExpression	go to state 31
    term	go to state 32
    factor	go to state 33
    leftValue	go to state 34



state 197

    whileStatement  ->  WHILE LPAREN . expression RPAREN LBRACE functionStatements RBRACE   (rule 48)

    DECIMAL_LITERAL	shift, and go to state 22
    DECIMAL_FLOATING_POINT_LITERAL	shift, and go to state 23
    LPAREN	shift, and go to state 24
    BANG	shift, and go to state 25
    STRING_LITERAL	shift, and go to state 26
    IDENTIFIER	shift, and go to state 27
    CHAR_LITERAL	shift, and go to state 28

    expression	go to state 220
    compareExpression	go to state 30
    mathExpression	go to state 31
    term	go to state 32
    factor	go to state 33
    leftValue	go to state 34



state 198

    functionDefineStatement  ->  VOID IDENTIFIER LPAREN formParams RPAREN LBRACE functionStatements RBRACE .   (rule 57)

    $default	reduce using rule 57 (functionDefineStatement)



state 199

    functionStatements  ->  functionStatement functionStatements .   (rule 14)

    $default	reduce using rule 14 (functionStatements)



state 200

    functionStatement  ->  varDeclareStatement SEMICOLON .   (rule 15)

    $default	reduce using rule 15 (functionStatement)



state 201

    functionStatement  ->  varDefineStatement SEMICOLON .   (rule 16)

    $default	reduce using rule 16 (functionStatement)



state 202

    functionStatement  ->  varAssignStatement SEMICOLON .   (rule 17)

    $default	reduce using rule 17 (functionStatement)



state 203

    functionStatement  ->  arrayDeclareStatement SEMICOLON .   (rule 18)

    $default	reduce using rule 18 (functionStatement)



state 204

    functionStatement  ->  arrayDefineStatement SEMICOLON .   (rule 19)

    $default	reduce using rule 19 (functionStatement)



state 205

    functionStatement  ->  arrayAssignStatement SEMICOLON .   (rule 20)

    $default	reduce using rule 20 (functionStatement)



state 206

    functionStatement  ->  breakStatement SEMICOLON .   (rule 24)

    $default	reduce using rule 24 (functionStatement)



state 207

    functionStatement  ->  continueStatement SEMICOLON .   (rule 25)

    $default	reduce using rule 25 (functionStatement)



state 208

    functionStatement  ->  returnStatement SEMICOLON .   (rule 26)

    $default	reduce using rule 26 (functionStatement)



state 209

    varAssignStatement  ->  leftValue LBRACKET . expression RBRACKET ASSIGN expression   (rule 37)
    factor  ->  leftValue LBRACKET . expression RBRACKET   (rule 93)

    DECIMAL_LITERAL	shift, and go to state 22
    DECIMAL_FLOATING_POINT_LITERAL	shift, and go to state 23
    LPAREN	shift, and go to state 24
    BANG	shift, and go to state 25
    STRING_LITERAL	shift, and go to state 26
    IDENTIFIER	shift, and go to state 27
    CHAR_LITERAL	shift, and go to state 28

    expression	go to state 221
    compareExpression	go to state 30
    mathExpression	go to state 31
    term	go to state 32
    factor	go to state 33
    leftValue	go to state 34



state 210

    varAssignStatement  ->  leftValue ASSIGN . expression   (rule 36)
    arrayAssignStatement  ->  leftValue ASSIGN . type LBRACKET expression RBRACKET   (rule 41)

    CHAR	shift, and go to state 1
    DOUBLE	shift, and go to state 3
    INT 	shift, and go to state 4
    DECIMAL_LITERAL	shift, and go to state 22
    DECIMAL_FLOATING_POINT_LITERAL	shift, and go to state 23
    LPAREN	shift, and go to state 24
    BANG	shift, and go to state 25
    CLASS_IDENTIFIER	shift, and go to state 8
    STRING_LITERAL	shift, and go to state 26
    IDENTIFIER	shift, and go to state 27
    CHAR_LITERAL	shift, and go to state 28

    expression	go to state 222
    compareExpression	go to state 30
    mathExpression	go to state 31
    term	go to state 32
    factor	go to state 33
    leftValue	go to state 34
    type	go to state 223



state 211

    arrayDeclareStatement  ->  arrayType IDENTIFIER .   (rule 39)
    arrayDefineStatement  ->  arrayType IDENTIFIER . ASSIGN type LBRACKET expression RBRACKET   (rule 40)

    ASSIGN	shift, and go to state 73

    $default	reduce using rule 39 (arrayDeclareStatement)



state 212

    varDeclareStatement  ->  type IDENTIFIER .   (rule 34)
    varDefineStatement  ->  type IDENTIFIER . ASSIGN expression   (rule 35)

    ASSIGN	shift, and go to state 77

    $default	reduce using rule 34 (varDeclareStatement)



state 213

    classMethodDefineStatement  ->  arrayType CLASS_IDENTIFIER NAME_SPACE IDENTIFIER LPAREN formParams RPAREN LBRACE . functionStatements RBRACE   (rule 59)

    BREAK	shift, and go to state 161
    CHAR	shift, and go to state 1
    CONTINUE	shift, and go to state 162
    DOUBLE	shift, and go to state 3
    FOREACH	shift, and go to state 163
    IF  	shift, and go to state 164
    INT 	shift, and go to state 4
    RETURN	shift, and go to state 5
    WHILE	shift, and go to state 165
    DECIMAL_LITERAL	shift, and go to state 22
    DECIMAL_FLOATING_POINT_LITERAL	shift, and go to state 23
    LPAREN	shift, and go to state 24
    SEMICOLON	shift, and go to state 166
    BANG	shift, and go to state 25
    CLASS_IDENTIFIER	shift, and go to state 8
    STRING_LITERAL	shift, and go to state 26
    IDENTIFIER	shift, and go to state 27
    CHAR_LITERAL	shift, and go to state 28

    $default	reduce using rule 13 (functionStatements)

    functionStatements	go to state 224
    functionStatement	go to state 168
    varDeclareStatement	go to state 169
    varDefineStatement	go to state 170
    varAssignStatement	go to state 171
    arrayDeclareStatement	go to state 172
    arrayDefineStatement	go to state 173
    arrayAssignStatement	go to state 174
    ifStatement	go to state 175
    whileStatement	go to state 176
    foreachStatement	go to state 177
    breakStatement	go to state 178
    continueStatement	go to state 179
    returnStatement	go to state 180
    expression	go to state 181
    compareExpression	go to state 30
    mathExpression	go to state 31
    term	go to state 32
    factor	go to state 33
    leftValue	go to state 182
    arrayType	go to state 183
    type	go to state 184



state 214

    functionDefineStatement  ->  arrayType IDENTIFIER LPAREN formParams RPAREN LBRACE functionStatements RBRACE .   (rule 56)

    $default	reduce using rule 56 (functionDefineStatement)



state 215

    classMethodDefineStatement  ->  type CLASS_IDENTIFIER NAME_SPACE IDENTIFIER LPAREN formParams RPAREN LBRACE . functionStatements RBRACE   (rule 58)

    BREAK	shift, and go to state 161
    CHAR	shift, and go to state 1
    CONTINUE	shift, and go to state 162
    DOUBLE	shift, and go to state 3
    FOREACH	shift, and go to state 163
    IF  	shift, and go to state 164
    INT 	shift, and go to state 4
    RETURN	shift, and go to state 5
    WHILE	shift, and go to state 165
    DECIMAL_LITERAL	shift, and go to state 22
    DECIMAL_FLOATING_POINT_LITERAL	shift, and go to state 23
    LPAREN	shift, and go to state 24
    SEMICOLON	shift, and go to state 166
    BANG	shift, and go to state 25
    CLASS_IDENTIFIER	shift, and go to state 8
    STRING_LITERAL	shift, and go to state 26
    IDENTIFIER	shift, and go to state 27
    CHAR_LITERAL	shift, and go to state 28

    $default	reduce using rule 13 (functionStatements)

    functionStatements	go to state 225
    functionStatement	go to state 168
    varDeclareStatement	go to state 169
    varDefineStatement	go to state 170
    varAssignStatement	go to state 171
    arrayDeclareStatement	go to state 172
    arrayDefineStatement	go to state 173
    arrayAssignStatement	go to state 174
    ifStatement	go to state 175
    whileStatement	go to state 176
    foreachStatement	go to state 177
    breakStatement	go to state 178
    continueStatement	go to state 179
    returnStatement	go to state 180
    expression	go to state 181
    compareExpression	go to state 30
    mathExpression	go to state 31
    term	go to state 32
    factor	go to state 33
    leftValue	go to state 182
    arrayType	go to state 183
    type	go to state 184



state 216

    functionDefineStatement  ->  type IDENTIFIER LPAREN formParams RPAREN LBRACE functionStatements RBRACE .   (rule 55)

    $default	reduce using rule 55 (functionDefineStatement)



state 217

    classMethodDefineStatement  ->  VOID CLASS_IDENTIFIER NAME_SPACE IDENTIFIER LPAREN formParams RPAREN LBRACE functionStatements . RBRACE   (rule 60)

    RBRACE	shift, and go to state 226



state 218

    foreachStatement  ->  FOREACH LPAREN IDENTIFIER . IN leftValue RPAREN LBRACE functionStatements RBRACE   (rule 49)

    IN  	shift, and go to state 227



state 219

    ifStatement  ->  IF LPAREN expression . RPAREN LBRACE functionStatements RBRACE elifParts elsePart   (rule 42)

    RPAREN	shift, and go to state 228



state 220

    whileStatement  ->  WHILE LPAREN expression . RPAREN LBRACE functionStatements RBRACE   (rule 48)

    RPAREN	shift, and go to state 229



state 221

    varAssignStatement  ->  leftValue LBRACKET expression . RBRACKET ASSIGN expression   (rule 37)
    factor  ->  leftValue LBRACKET expression . RBRACKET   (rule 93)

    RBRACKET	shift, and go to state 230



state 222

    varAssignStatement  ->  leftValue ASSIGN expression .   (rule 36)

    $default	reduce using rule 36 (varAssignStatement)



state 223

    arrayAssignStatement  ->  leftValue ASSIGN type . LBRACKET expression RBRACKET   (rule 41)

    LBRACKET	shift, and go to state 231



state 224

    classMethodDefineStatement  ->  arrayType CLASS_IDENTIFIER NAME_SPACE IDENTIFIER LPAREN formParams RPAREN LBRACE functionStatements . RBRACE   (rule 59)

    RBRACE	shift, and go to state 232



state 225

    classMethodDefineStatement  ->  type CLASS_IDENTIFIER NAME_SPACE IDENTIFIER LPAREN formParams RPAREN LBRACE functionStatements . RBRACE   (rule 58)

    RBRACE	shift, and go to state 233



state 226

    classMethodDefineStatement  ->  VOID CLASS_IDENTIFIER NAME_SPACE IDENTIFIER LPAREN formParams RPAREN LBRACE functionStatements RBRACE .   (rule 60)

    $default	reduce using rule 60 (classMethodDefineStatement)



state 227

    foreachStatement  ->  FOREACH LPAREN IDENTIFIER IN . leftValue RPAREN LBRACE functionStatements RBRACE   (rule 49)

    IDENTIFIER	shift, and go to state 27

    leftValue	go to state 234



state 228

    ifStatement  ->  IF LPAREN expression RPAREN . LBRACE functionStatements RBRACE elifParts elsePart   (rule 42)

    LBRACE	shift, and go to state 235



state 229

    whileStatement  ->  WHILE LPAREN expression RPAREN . LBRACE functionStatements RBRACE   (rule 48)

    LBRACE	shift, and go to state 236



state 230

    varAssignStatement  ->  leftValue LBRACKET expression RBRACKET . ASSIGN expression   (rule 37)
    factor  ->  leftValue LBRACKET expression RBRACKET .   (rule 93)

    ASSIGN	shift, and go to state 237

    $default	reduce using rule 93 (factor)



state 231

    arrayAssignStatement  ->  leftValue ASSIGN type LBRACKET . expression RBRACKET   (rule 41)

    DECIMAL_LITERAL	shift, and go to state 22
    DECIMAL_FLOATING_POINT_LITERAL	shift, and go to state 23
    LPAREN	shift, and go to state 24
    BANG	shift, and go to state 25
    STRING_LITERAL	shift, and go to state 26
    IDENTIFIER	shift, and go to state 27
    CHAR_LITERAL	shift, and go to state 28

    expression	go to state 238
    compareExpression	go to state 30
    mathExpression	go to state 31
    term	go to state 32
    factor	go to state 33
    leftValue	go to state 34



state 232

    classMethodDefineStatement  ->  arrayType CLASS_IDENTIFIER NAME_SPACE IDENTIFIER LPAREN formParams RPAREN LBRACE functionStatements RBRACE .   (rule 59)

    $default	reduce using rule 59 (classMethodDefineStatement)



state 233

    classMethodDefineStatement  ->  type CLASS_IDENTIFIER NAME_SPACE IDENTIFIER LPAREN formParams RPAREN LBRACE functionStatements RBRACE .   (rule 58)

    $default	reduce using rule 58 (classMethodDefineStatement)



state 234

    foreachStatement  ->  FOREACH LPAREN IDENTIFIER IN leftValue . RPAREN LBRACE functionStatements RBRACE   (rule 49)

    RPAREN	shift, and go to state 239



state 235

    ifStatement  ->  IF LPAREN expression RPAREN LBRACE . functionStatements RBRACE elifParts elsePart   (rule 42)

    BREAK	shift, and go to state 161
    CHAR	shift, and go to state 1
    CONTINUE	shift, and go to state 162
    DOUBLE	shift, and go to state 3
    FOREACH	shift, and go to state 163
    IF  	shift, and go to state 164
    INT 	shift, and go to state 4
    RETURN	shift, and go to state 5
    WHILE	shift, and go to state 165
    DECIMAL_LITERAL	shift, and go to state 22
    DECIMAL_FLOATING_POINT_LITERAL	shift, and go to state 23
    LPAREN	shift, and go to state 24
    SEMICOLON	shift, and go to state 166
    BANG	shift, and go to state 25
    CLASS_IDENTIFIER	shift, and go to state 8
    STRING_LITERAL	shift, and go to state 26
    IDENTIFIER	shift, and go to state 27
    CHAR_LITERAL	shift, and go to state 28

    $default	reduce using rule 13 (functionStatements)

    functionStatements	go to state 240
    functionStatement	go to state 168
    varDeclareStatement	go to state 169
    varDefineStatement	go to state 170
    varAssignStatement	go to state 171
    arrayDeclareStatement	go to state 172
    arrayDefineStatement	go to state 173
    arrayAssignStatement	go to state 174
    ifStatement	go to state 175
    whileStatement	go to state 176
    foreachStatement	go to state 177
    breakStatement	go to state 178
    continueStatement	go to state 179
    returnStatement	go to state 180
    expression	go to state 181
    compareExpression	go to state 30
    mathExpression	go to state 31
    term	go to state 32
    factor	go to state 33
    leftValue	go to state 182
    arrayType	go to state 183
    type	go to state 184



state 236

    whileStatement  ->  WHILE LPAREN expression RPAREN LBRACE . functionStatements RBRACE   (rule 48)

    BREAK	shift, and go to state 161
    CHAR	shift, and go to state 1
    CONTINUE	shift, and go to state 162
    DOUBLE	shift, and go to state 3
    FOREACH	shift, and go to state 163
    IF  	shift, and go to state 164
    INT 	shift, and go to state 4
    RETURN	shift, and go to state 5
    WHILE	shift, and go to state 165
    DECIMAL_LITERAL	shift, and go to state 22
    DECIMAL_FLOATING_POINT_LITERAL	shift, and go to state 23
    LPAREN	shift, and go to state 24
    SEMICOLON	shift, and go to state 166
    BANG	shift, and go to state 25
    CLASS_IDENTIFIER	shift, and go to state 8
    STRING_LITERAL	shift, and go to state 26
    IDENTIFIER	shift, and go to state 27
    CHAR_LITERAL	shift, and go to state 28

    $default	reduce using rule 13 (functionStatements)

    functionStatements	go to state 241
    functionStatement	go to state 168
    varDeclareStatement	go to state 169
    varDefineStatement	go to state 170
    varAssignStatement	go to state 171
    arrayDeclareStatement	go to state 172
    arrayDefineStatement	go to state 173
    arrayAssignStatement	go to state 174
    ifStatement	go to state 175
    whileStatement	go to state 176
    foreachStatement	go to state 177
    breakStatement	go to state 178
    continueStatement	go to state 179
    returnStatement	go to state 180
    expression	go to state 181
    compareExpression	go to state 30
    mathExpression	go to state 31
    term	go to state 32
    factor	go to state 33
    leftValue	go to state 182
    arrayType	go to state 183
    type	go to state 184



state 237

    varAssignStatement  ->  leftValue LBRACKET expression RBRACKET ASSIGN . expression   (rule 37)

    DECIMAL_LITERAL	shift, and go to state 22
    DECIMAL_FLOATING_POINT_LITERAL	shift, and go to state 23
    LPAREN	shift, and go to state 24
    BANG	shift, and go to state 25
    STRING_LITERAL	shift, and go to state 26
    IDENTIFIER	shift, and go to state 27
    CHAR_LITERAL	shift, and go to state 28

    expression	go to state 242
    compareExpression	go to state 30
    mathExpression	go to state 31
    term	go to state 32
    factor	go to state 33
    leftValue	go to state 34



state 238

    arrayAssignStatement  ->  leftValue ASSIGN type LBRACKET expression . RBRACKET   (rule 41)

    RBRACKET	shift, and go to state 243



state 239

    foreachStatement  ->  FOREACH LPAREN IDENTIFIER IN leftValue RPAREN . LBRACE functionStatements RBRACE   (rule 49)

    LBRACE	shift, and go to state 244



state 240

    ifStatement  ->  IF LPAREN expression RPAREN LBRACE functionStatements . RBRACE elifParts elsePart   (rule 42)

    RBRACE	shift, and go to state 245



state 241

    whileStatement  ->  WHILE LPAREN expression RPAREN LBRACE functionStatements . RBRACE   (rule 48)

    RBRACE	shift, and go to state 246



state 242

    varAssignStatement  ->  leftValue LBRACKET expression RBRACKET ASSIGN expression .   (rule 37)

    $default	reduce using rule 37 (varAssignStatement)



state 243

    arrayAssignStatement  ->  leftValue ASSIGN type LBRACKET expression RBRACKET .   (rule 41)

    $default	reduce using rule 41 (arrayAssignStatement)



state 244

    foreachStatement  ->  FOREACH LPAREN IDENTIFIER IN leftValue RPAREN LBRACE . functionStatements RBRACE   (rule 49)

    BREAK	shift, and go to state 161
    CHAR	shift, and go to state 1
    CONTINUE	shift, and go to state 162
    DOUBLE	shift, and go to state 3
    FOREACH	shift, and go to state 163
    IF  	shift, and go to state 164
    INT 	shift, and go to state 4
    RETURN	shift, and go to state 5
    WHILE	shift, and go to state 165
    DECIMAL_LITERAL	shift, and go to state 22
    DECIMAL_FLOATING_POINT_LITERAL	shift, and go to state 23
    LPAREN	shift, and go to state 24
    SEMICOLON	shift, and go to state 166
    BANG	shift, and go to state 25
    CLASS_IDENTIFIER	shift, and go to state 8
    STRING_LITERAL	shift, and go to state 26
    IDENTIFIER	shift, and go to state 27
    CHAR_LITERAL	shift, and go to state 28

    $default	reduce using rule 13 (functionStatements)

    functionStatements	go to state 247
    functionStatement	go to state 168
    varDeclareStatement	go to state 169
    varDefineStatement	go to state 170
    varAssignStatement	go to state 171
    arrayDeclareStatement	go to state 172
    arrayDefineStatement	go to state 173
    arrayAssignStatement	go to state 174
    ifStatement	go to state 175
    whileStatement	go to state 176
    foreachStatement	go to state 177
    breakStatement	go to state 178
    continueStatement	go to state 179
    returnStatement	go to state 180
    expression	go to state 181
    compareExpression	go to state 30
    mathExpression	go to state 31
    term	go to state 32
    factor	go to state 33
    leftValue	go to state 182
    arrayType	go to state 183
    type	go to state 184



state 245

    ifStatement  ->  IF LPAREN expression RPAREN LBRACE functionStatements RBRACE . elifParts elsePart   (rule 42)

    ELIF	shift, and go to state 248

    $default	reduce using rule 43 (elifParts)

    elifParts	go to state 249
    elifPart	go to state 250



state 246

    whileStatement  ->  WHILE LPAREN expression RPAREN LBRACE functionStatements RBRACE .   (rule 48)

    $default	reduce using rule 48 (whileStatement)



state 247

    foreachStatement  ->  FOREACH LPAREN IDENTIFIER IN leftValue RPAREN LBRACE functionStatements . RBRACE   (rule 49)

    RBRACE	shift, and go to state 251



state 248

    elifPart  ->  ELIF . LPAREN expression RPAREN LBRACE functionStatements RBRACE   (rule 45)

    LPAREN	shift, and go to state 252



state 249

    ifStatement  ->  IF LPAREN expression RPAREN LBRACE functionStatements RBRACE elifParts . elsePart   (rule 42)

    ELSE	shift, and go to state 253

    $default	reduce using rule 46 (elsePart)

    elsePart	go to state 254



state 250

    elifParts  ->  elifPart . elifParts   (rule 44)

    ELIF	shift, and go to state 248

    $default	reduce using rule 43 (elifParts)

    elifParts	go to state 255
    elifPart	go to state 250



state 251

    foreachStatement  ->  FOREACH LPAREN IDENTIFIER IN leftValue RPAREN LBRACE functionStatements RBRACE .   (rule 49)

    $default	reduce using rule 49 (foreachStatement)



state 252

    elifPart  ->  ELIF LPAREN . expression RPAREN LBRACE functionStatements RBRACE   (rule 45)

    DECIMAL_LITERAL	shift, and go to state 22
    DECIMAL_FLOATING_POINT_LITERAL	shift, and go to state 23
    LPAREN	shift, and go to state 24
    BANG	shift, and go to state 25
    STRING_LITERAL	shift, and go to state 26
    IDENTIFIER	shift, and go to state 27
    CHAR_LITERAL	shift, and go to state 28

    expression	go to state 256
    compareExpression	go to state 30
    mathExpression	go to state 31
    term	go to state 32
    factor	go to state 33
    leftValue	go to state 34



state 253

    elsePart  ->  ELSE . LBRACE functionStatements RBRACE   (rule 47)

    LBRACE	shift, and go to state 257



state 254

    ifStatement  ->  IF LPAREN expression RPAREN LBRACE functionStatements RBRACE elifParts elsePart .   (rule 42)

    $default	reduce using rule 42 (ifStatement)



state 255

    elifParts  ->  elifPart elifParts .   (rule 44)

    $default	reduce using rule 44 (elifParts)



state 256

    elifPart  ->  ELIF LPAREN expression . RPAREN LBRACE functionStatements RBRACE   (rule 45)

    RPAREN	shift, and go to state 258



state 257

    elsePart  ->  ELSE LBRACE . functionStatements RBRACE   (rule 47)

    BREAK	shift, and go to state 161
    CHAR	shift, and go to state 1
    CONTINUE	shift, and go to state 162
    DOUBLE	shift, and go to state 3
    FOREACH	shift, and go to state 163
    IF  	shift, and go to state 164
    INT 	shift, and go to state 4
    RETURN	shift, and go to state 5
    WHILE	shift, and go to state 165
    DECIMAL_LITERAL	shift, and go to state 22
    DECIMAL_FLOATING_POINT_LITERAL	shift, and go to state 23
    LPAREN	shift, and go to state 24
    SEMICOLON	shift, and go to state 166
    BANG	shift, and go to state 25
    CLASS_IDENTIFIER	shift, and go to state 8
    STRING_LITERAL	shift, and go to state 26
    IDENTIFIER	shift, and go to state 27
    CHAR_LITERAL	shift, and go to state 28

    $default	reduce using rule 13 (functionStatements)

    functionStatements	go to state 259
    functionStatement	go to state 168
    varDeclareStatement	go to state 169
    varDefineStatement	go to state 170
    varAssignStatement	go to state 171
    arrayDeclareStatement	go to state 172
    arrayDefineStatement	go to state 173
    arrayAssignStatement	go to state 174
    ifStatement	go to state 175
    whileStatement	go to state 176
    foreachStatement	go to state 177
    breakStatement	go to state 178
    continueStatement	go to state 179
    returnStatement	go to state 180
    expression	go to state 181
    compareExpression	go to state 30
    mathExpression	go to state 31
    term	go to state 32
    factor	go to state 33
    leftValue	go to state 182
    arrayType	go to state 183
    type	go to state 184



state 258

    elifPart  ->  ELIF LPAREN expression RPAREN . LBRACE functionStatements RBRACE   (rule 45)

    LBRACE	shift, and go to state 260



state 259

    elsePart  ->  ELSE LBRACE functionStatements . RBRACE   (rule 47)

    RBRACE	shift, and go to state 261



state 260

    elifPart  ->  ELIF LPAREN expression RPAREN LBRACE . functionStatements RBRACE   (rule 45)

    BREAK	shift, and go to state 161
    CHAR	shift, and go to state 1
    CONTINUE	shift, and go to state 162
    DOUBLE	shift, and go to state 3
    FOREACH	shift, and go to state 163
    IF  	shift, and go to state 164
    INT 	shift, and go to state 4
    RETURN	shift, and go to state 5
    WHILE	shift, and go to state 165
    DECIMAL_LITERAL	shift, and go to state 22
    DECIMAL_FLOATING_POINT_LITERAL	shift, and go to state 23
    LPAREN	shift, and go to state 24
    SEMICOLON	shift, and go to state 166
    BANG	shift, and go to state 25
    CLASS_IDENTIFIER	shift, and go to state 8
    STRING_LITERAL	shift, and go to state 26
    IDENTIFIER	shift, and go to state 27
    CHAR_LITERAL	shift, and go to state 28

    $default	reduce using rule 13 (functionStatements)

    functionStatements	go to state 262
    functionStatement	go to state 168
    varDeclareStatement	go to state 169
    varDefineStatement	go to state 170
    varAssignStatement	go to state 171
    arrayDeclareStatement	go to state 172
    arrayDefineStatement	go to state 173
    arrayAssignStatement	go to state 174
    ifStatement	go to state 175
    whileStatement	go to state 176
    foreachStatement	go to state 177
    breakStatement	go to state 178
    continueStatement	go to state 179
    returnStatement	go to state 180
    expression	go to state 181
    compareExpression	go to state 30
    mathExpression	go to state 31
    term	go to state 32
    factor	go to state 33
    leftValue	go to state 182
    arrayType	go to state 183
    type	go to state 184



state 261

    elsePart  ->  ELSE LBRACE functionStatements RBRACE .   (rule 47)

    $default	reduce using rule 47 (elsePart)



state 262

    elifPart  ->  ELIF LPAREN expression RPAREN LBRACE functionStatements . RBRACE   (rule 45)

    RBRACE	shift, and go to state 263



state 263

    elifPart  ->  ELIF LPAREN expression RPAREN LBRACE functionStatements RBRACE .   (rule 45)

    $default	reduce using rule 45 (elifPart)



state 264

    $   	go to state 265



state 265

    $   	go to state 266



state 266

    $default	accept
